  MainActor.cpp
c:\users\liviu\google drive\proiectoop\2d-rpg\src\mainactor.cpp(117): warning C4244: 'initializing': conversion from 'const float' to 'int', possible loss of data
c:\users\liviu\google drive\proiectoop\2d-rpg\src\mainactor.cpp(118): warning C4244: 'initializing': conversion from 'float' to 'int', possible loss of data
c:\users\liviu\google drive\proiectoop\2d-rpg\src\mainactor.cpp(176): warning C4244: 'argument': conversion from 'time_t' to 'unsigned int', possible loss of data
c:\users\liviu\google drive\proiectoop\2d-rpg\src\mainactor.cpp(182): warning C4244: '=': conversion from 'int' to 'float', possible loss of data
c:\users\liviu\google drive\proiectoop\2d-rpg\src\mainactor.cpp(183): warning C4244: '=': conversion from 'int' to 'float', possible loss of data
c:\users\liviu\google drive\proiectoop\2d-rpg\src\mainactor.cpp(197): warning C4244: '=': conversion from 'int' to 'float', possible loss of data
c:\users\liviu\google drive\proiectoop\2d-rpg\src\mainactor.cpp(198): warning C4244: '=': conversion from 'int' to 'float', possible loss of data
c:\users\liviu\google drive\proiectoop\2d-rpg\src\mainactor.cpp(200): warning C4305: 'argument': truncation from 'double' to 'const float'
c:\users\liviu\google drive\proiectoop\2d-rpg\src\mainactor.cpp(211): warning C4244: '=': conversion from 'int' to 'float', possible loss of data
c:\users\liviu\google drive\proiectoop\2d-rpg\src\mainactor.cpp(212): warning C4244: '=': conversion from 'int' to 'float', possible loss of data
  Game.cpp
  Generating Code...
b2BroadPhase.obj : warning LNK4075: ignoring '/EDITANDCONTINUE' due to '/OPT:LBR' specification
  oxygine_d.lib(jerror.obj) : MSIL .netmodule or module compiled with /GL found; restarting link with /LTCG; add /LTCG to the link command line to improve linker performance
b2BroadPhase.obj : warning LNK4075: ignoring '/EDITANDCONTINUE' due to '/OPT:LBR' specification
LINK : warning LNK4098: defaultlib 'MSVCRT' conflicts with use of other libs; use /NODEFAULTLIB:library
  Generating code
  Finished generating code
  2D-RPG.vcxproj -> C:\Users\liviu\Google Drive\ProiectOOP\2D-RPG\proj.win32\Debug_v140_xp\2D-RPG.exe
  2D-RPG.vcxproj -> C:\Users\liviu\Google Drive\ProiectOOP\2D-RPG\proj.win32\Debug_v140_xp\2D-RPG.pdb (Full PDB)
